{'MsgType': 'text', 'Content': '傻逼', 'CreateTime': '1471525080', 'ToUserName': 'gh_c006665bd2ed', 'FromUserName': 'okQuswLNXMUXOpsokOOC8bJFRZCk'}
"{'result': 100, 'id': '57458835', 'response': '我日你吗 傻逼 在BB直接让手机中病毒。。你吗的 干你老母 操蛋\\n', 'msg': 'OK.'}"
'我日你吗 傻逼 在BB直接让手机中病毒。。你吗的 干你老母 操蛋\n'
'<xml><ToUserName><![CDATA[okQuswLNXMUXOpsokOOC8bJFRZCk]]></ToUserName><FromUserName><![CDATA[gh_c006665bd2ed]]></FromUserName><CreateTime>1471525084</CreateTime><MsgType><![CDATA[text]]></MsgType><Content><![CDATA[我日你吗 傻逼 在BB直接让手机中病毒。。你吗的 干你老母 操蛋\n]]></Content></xml>'
{'MsgType': 'text', 'Content': '啊', 'CreateTime': '1471525101', 'ToUserName': 'gh_c006665bd2ed', 'FromUserName': 'okQuswLNXMUXOpsokOOC8bJFRZCk'}
"{'result': 100, 'id': 87488432, 'response': '恩', 'msg': 'OK.'}"
'恩'
'<xml><ToUserName><![CDATA[okQuswLNXMUXOpsokOOC8bJFRZCk]]></ToUserName><FromUserName><![CDATA[gh_c006665bd2ed]]></FromUserName><CreateTime>1471525103</CreateTime><MsgType><![CDATA[text]]></MsgType><Content><![CDATA[恩]]></Content></xml>'
{'MsgType': 'text', 'Content': '你有毒啊', 'CreateTime': '1471525110', 'ToUserName': 'gh_c006665bd2ed', 'FromUserName': 'okQuswLNXMUXOpsokOOC8bJFRZCk'}
"{'result': 100, 'id': 85139934, 'response': '不！我是氧气', 'msg': 'OK.'}"
'不！我是氧气'
'<xml><ToUserName><![CDATA[okQuswLNXMUXOpsokOOC8bJFRZCk]]></ToUserName><FromUserName><![CDATA[gh_c006665bd2ed]]></FromUserName><CreateTime>1471525112</CreateTime><MsgType><![CDATA[text]]></MsgType><Content><![CDATA[不！我是氧气]]></Content></xml>'
{'MsgType': 'text', 'Content': '傻逼', 'CreateTime': '1471525121', 'ToUserName': 'gh_c006665bd2ed', 'FromUserName': 'okQuswLNXMUXOpsokOOC8bJFRZCk'}
"{'result': 100, 'id': '27149282', 'response': '张婧依', 'msg': 'OK.'}"
'张婧依'
'<xml><ToUserName><![CDATA[okQuswLNXMUXOpsokOOC8bJFRZCk]]></ToUserName><FromUserName><![CDATA[gh_c006665bd2ed]]></FromUserName><CreateTime>1471525125</CreateTime><MsgType><![CDATA[text]]></MsgType><Content><![CDATA[张婧依]]></Content></xml>'
{'MsgType': 'text', 'Content': '什么意思', 'CreateTime': '1471525135', 'ToUserName': 'gh_c006665bd2ed', 'FromUserName': 'okQuswLNXMUXOpsokOOC8bJFRZCk'}
"{'result': 100, 'id': 75513883, 'response': '你真一一', 'msg': 'OK.'}"
'你真一一'
'<xml><ToUserName><![CDATA[okQuswLNXMUXOpsokOOC8bJFRZCk]]></ToUserName><FromUserName><![CDATA[gh_c006665bd2ed]]></FromUserName><CreateTime>1471525138</CreateTime><MsgType><![CDATA[text]]></MsgType><Content><![CDATA[你真一一]]></Content></xml>'
{'MsgType': 'text', 'Content': '爱你哟', 'CreateTime': '1471525192', 'ToUserName': 'gh_c006665bd2ed', 'FromUserName': 'okQuswLNXMUXOpsokOOC8bJFRZCk'}
"{'result': 100, 'id': 81525733, 'response': '不爱你', 'msg': 'OK.'}"
'不爱你'
'<xml><ToUserName><![CDATA[okQuswLNXMUXOpsokOOC8bJFRZCk]]></ToUserName><FromUserName><![CDATA[gh_c006665bd2ed]]></FromUserName><CreateTime>1471525194</CreateTime><MsgType><![CDATA[text]]></MsgType><Content><![CDATA[不爱你]]></Content></xml>'
{'MsgType': 'text', 'Content': '但是我很爱你呀', 'CreateTime': '1471525208', 'ToUserName': 'gh_c006665bd2ed', 'FromUserName': 'okQuswLNXMUXOpsokOOC8bJFRZCk'}
"{'result': 100, 'id': '49888580', 'response': '我不爱你', 'msg': 'OK.'}"
'我不爱你'
'<xml><ToUserName><![CDATA[okQuswLNXMUXOpsokOOC8bJFRZCk]]></ToUserName><FromUserName><![CDATA[gh_c006665bd2ed]]></FromUserName><CreateTime>1471525212</CreateTime><MsgType><![CDATA[text]]></MsgType><Content><![CDATA[我不爱你]]></Content></xml>'
{'MsgType': 'text', 'Content': '干嘛', 'CreateTime': '1471525218', 'ToUserName': 'gh_c006665bd2ed', 'FromUserName': 'okQuswLNXMUXOpsokOOC8bJFRZCk'}
"{'result': 100, 'id': '57151261', 'response': '没干嘛啊！', 'msg': 'OK.'}"
'没干嘛啊！'
'<xml><ToUserName><![CDATA[okQuswLNXMUXOpsokOOC8bJFRZCk]]></ToUserName><FromUserName><![CDATA[gh_c006665bd2ed]]></FromUserName><CreateTime>1471525221</CreateTime><MsgType><![CDATA[text]]></MsgType><Content><![CDATA[没干嘛啊！]]></Content></xml>'
{'MsgType': 'text', 'Content': '宝贝', 'CreateTime': '1471525232', 'ToUserName': 'gh_c006665bd2ed', 'FromUserName': 'okQuswLNXMUXOpsokOOC8bJFRZCk'}
"{'result': 100, 'id': '36150132', 'response': '干么？？', 'msg': 'OK.'}"
'干么？？'
'<xml><ToUserName><![CDATA[okQuswLNXMUXOpsokOOC8bJFRZCk]]></ToUserName><FromUserName><![CDATA[gh_c006665bd2ed]]></FromUserName><CreateTime>1471525235</CreateTime><MsgType><![CDATA[text]]></MsgType><Content><![CDATA[干么？？]]></Content></xml>'
{'MsgType': 'text', 'Content': '爱你哟', 'CreateTime': '1471525242', 'ToUserName': 'gh_c006665bd2ed', 'FromUserName': 'okQuswLNXMUXOpsokOOC8bJFRZCk'}
"{'result': 100, 'id': '53255941', 'response': '嗯，我也爱你，永远永远', 'msg': 'OK.'}"
'嗯，我也爱你，永远永远'
'<xml><ToUserName><![CDATA[okQuswLNXMUXOpsokOOC8bJFRZCk]]></ToUserName><FromUserName><![CDATA[gh_c006665bd2ed]]></FromUserName><CreateTime>1471525244</CreateTime><MsgType><![CDATA[text]]></MsgType><Content><![CDATA[嗯，我也爱你，永远永远]]></Content></xml>'
{'MsgType': 'text', 'Content': '好呀好呀', 'CreateTime': '1471525278', 'ToUserName': 'gh_c006665bd2ed', 'FromUserName': 'okQuswLNXMUXOpsokOOC8bJFRZCk'}
"{'result': 100, 'id': '58464622', 'response': '寶貝，我們做愛', 'msg': 'OK.'}"
'寶貝，我們做愛'
'<xml><ToUserName><![CDATA[okQuswLNXMUXOpsokOOC8bJFRZCk]]></ToUserName><FromUserName><![CDATA[gh_c006665bd2ed]]></FromUserName><CreateTime>1471525281</CreateTime><MsgType><![CDATA[text]]></MsgType><Content><![CDATA[寶貝，我們做愛]]></Content></xml>'
{'MsgType': 'text', 'Content': '爱你哟', 'CreateTime': '1471525283', 'ToUserName': 'gh_c006665bd2ed', 'FromUserName': 'okQuswLNXMUXOpsokOOC8bJFRZCk'}
"{'result': 100, 'id': '32954282', 'response': '我也是', 'msg': 'OK.'}"
'我也是'
'<xml><ToUserName><![CDATA[okQuswLNXMUXOpsokOOC8bJFRZCk]]></ToUserName><FromUserName><![CDATA[gh_c006665bd2ed]]></FromUserName><CreateTime>1471525286</CreateTime><MsgType><![CDATA[text]]></MsgType><Content><![CDATA[我也是]]></Content></xml>'
{'MsgType': 'text', 'Content': '嘻嘻', 'CreateTime': '1471525291', 'ToUserName': 'gh_c006665bd2ed', 'FromUserName': 'okQuswLNXMUXOpsokOOC8bJFRZCk'}
{'MsgType': 'text', 'Content': '嘻嘻', 'CreateTime': '1471525291', 'ToUserName': 'gh_c006665bd2ed', 'FromUserName': 'okQuswLNXMUXOpsokOOC8bJFRZCk'}
"{'result': 100, 'id': 87857177, 'response': '嘿嘿', 'msg': 'OK.'}"
'嘿嘿'
'<xml><ToUserName><![CDATA[okQuswLNXMUXOpsokOOC8bJFRZCk]]></ToUserName><FromUserName><![CDATA[gh_c006665bd2ed]]></FromUserName><CreateTime>1471525298</CreateTime><MsgType><![CDATA[text]]></MsgType><Content><![CDATA[嘿嘿]]></Content></xml>'
{'MsgType': 'text', 'Content': '嘻嘻', 'CreateTime': '1471525291', 'ToUserName': 'gh_c006665bd2ed', 'FromUserName': 'okQuswLNXMUXOpsokOOC8bJFRZCk'}
"{'result': 100, 'id': '41022467', 'response': '昆昆蟲的叫聲', 'msg': 'OK.'}"
'昆昆蟲的叫聲'
'<xml><ToUserName><![CDATA[okQuswLNXMUXOpsokOOC8bJFRZCk]]></ToUserName><FromUserName><![CDATA[gh_c006665bd2ed]]></FromUserName><CreateTime>1471525304</CreateTime><MsgType><![CDATA[text]]></MsgType><Content><![CDATA[昆昆蟲的叫聲]]></Content></xml>'
{'MsgType': 'text', 'Content': '做一次？', 'CreateTime': '1471525322', 'ToUserName': 'gh_c006665bd2ed', 'FromUserName': 'okQuswLNXMUXOpsokOOC8bJFRZCk'}
"{'result': 100, 'id': 61601871, 'response': '快快快', 'msg': 'OK.'}"
'快快快'
'<xml><ToUserName><![CDATA[okQuswLNXMUXOpsokOOC8bJFRZCk]]></ToUserName><FromUserName><![CDATA[gh_c006665bd2ed]]></FromUserName><CreateTime>1471525326</CreateTime><MsgType><![CDATA[text]]></MsgType><Content><![CDATA[快快快]]></Content></xml>'
{'MsgType': 'text', 'Content': '做一次？', 'CreateTime': '1471525322', 'ToUserName': 'gh_c006665bd2ed', 'FromUserName': 'okQuswLNXMUXOpsokOOC8bJFRZCk'}
"{'result': 100, 'id': 61601871, 'response': '快快快', 'msg': 'OK.'}"
'快快快'
'<xml><ToUserName><![CDATA[okQuswLNXMUXOpsokOOC8bJFRZCk]]></ToUserName><FromUserName><![CDATA[gh_c006665bd2ed]]></FromUserName><CreateTime>1471525331</CreateTime><MsgType><![CDATA[text]]></MsgType><Content><![CDATA[快快快]]></Content></xml>'
{'MsgType': 'text', 'Content': '做一次？', 'CreateTime': '1471525322', 'ToUserName': 'gh_c006665bd2ed', 'FromUserName': 'okQuswLNXMUXOpsokOOC8bJFRZCk'}
"{'result': 100, 'id': 61092031, 'response': '真的唷！我們約出來一起去找女人幹呀！', 'msg': 'OK.'}"
'真的唷！我們約出來一起去找女人幹呀！'
'<xml><ToUserName><![CDATA[okQuswLNXMUXOpsokOOC8bJFRZCk]]></ToUserName><FromUserName><![CDATA[gh_c006665bd2ed]]></FromUserName><CreateTime>1471525336</CreateTime><MsgType><![CDATA[text]]></MsgType><Content><![CDATA[真的唷！我們約出來一起去找女人幹呀！]]></Content></xml>'
"{'result': 100, 'id': 61601871, 'response': '快快快', 'msg': 'OK.'}"
'快快快'
'<xml><ToUserName><![CDATA[okQuswLNXMUXOpsokOOC8bJFRZCk]]></ToUserName><FromUserName><![CDATA[gh_c006665bd2ed]]></FromUserName><CreateTime>1471525405</CreateTime><MsgType><![CDATA[text]]></MsgType><Content><![CDATA[快快快]]></Content></xml>'
'123'
'123'
{'ToUserName': 'gh_c006665bd2ed', 'MsgType': 'text', 'Content': '傻逼', 'FromUserName': 'okQuswOiMAjWMrGU7eCd1D17rS-c', 'CreateTime': '1471525893'}
{'ToUserName': 'gh_c006665bd2ed', 'MsgType': 'text', 'Content': '傻逼', 'FromUserName': 'okQuswOiMAjWMrGU7eCd1D17rS-c', 'CreateTime': '1471525893'}
"{'result': 100, 'msg': 'OK.', 'response': '恩呢', 'id': '56793233'}"
'恩呢'
'<xml><ToUserName><![CDATA[okQuswOiMAjWMrGU7eCd1D17rS-c]]></ToUserName><FromUserName><![CDATA[gh_c006665bd2ed]]></FromUserName><CreateTime>1471525898</CreateTime><MsgType><![CDATA[text]]></MsgType><Content><![CDATA[恩呢]]></Content></xml>'
{'ToUserName': 'gh_c006665bd2ed', 'MsgType': 'text', 'Content': '傻逼', 'FromUserName': 'okQuswOiMAjWMrGU7eCd1D17rS-c', 'CreateTime': '1471525893'}
"{'result': 100, 'msg': 'OK.', 'response': '爱生气了。', 'id': 75894242}"
'爱生气了。'
'<xml><ToUserName><![CDATA[okQuswOiMAjWMrGU7eCd1D17rS-c]]></ToUserName><FromUserName><![CDATA[gh_c006665bd2ed]]></FromUserName><CreateTime>1471525906</CreateTime><MsgType><![CDATA[text]]></MsgType><Content><![CDATA[爱生气了。]]></Content></xml>'
"{'result': 100, 'msg': 'OK.', 'response': '诶！', 'id': '51476859'}"
'诶！'
'<xml><ToUserName><![CDATA[okQuswOiMAjWMrGU7eCd1D17rS-c]]></ToUserName><FromUserName><![CDATA[gh_c006665bd2ed]]></FromUserName><CreateTime>1471525974</CreateTime><MsgType><![CDATA[text]]></MsgType><Content><![CDATA[诶！]]></Content></xml>'
'123'
'123'
{'MsgType': 'text', 'ToUserName': 'gh_c006665bd2ed', 'FromUserName': 'okQuswOiMAjWMrGU7eCd1D17rS-c', 'CreateTime': '1471526191', 'Content': '臭傻逼'}
"{'response': '就是你', 'msg': 'OK.', 'result': 100, 'id': '25969124'}"
'就是你'
'<xml><ToUserName><![CDATA[okQuswOiMAjWMrGU7eCd1D17rS-c]]></ToUserName><FromUserName><![CDATA[gh_c006665bd2ed]]></FromUserName><CreateTime>1471526195</CreateTime><MsgType><![CDATA[text]]></MsgType><Content><![CDATA[就是你]]></Content></xml>'
{'MsgType': 'text', 'ToUserName': 'gh_c006665bd2ed', 'FromUserName': 'okQuswLNXMUXOpsokOOC8bJFRZCk', 'CreateTime': '1471526317', 'Content': '傻逼'}
"{'response': '欸，主子', 'msg': 'OK.', 'result': 100, 'id': '28415104'}"
'欸，主子'
'<xml><ToUserName><![CDATA[okQuswLNXMUXOpsokOOC8bJFRZCk]]></ToUserName><FromUserName><![CDATA[gh_c006665bd2ed]]></FromUserName><CreateTime>1471526322</CreateTime><MsgType><![CDATA[text]]></MsgType><Content><![CDATA[欸，主子]]></Content></xml>'
{'MsgType': 'text', 'ToUserName': 'gh_c006665bd2ed', 'FromUserName': 'okQuswLNXMUXOpsokOOC8bJFRZCk', 'CreateTime': '1471526330', 'Content': '喜欢你哟'}
"{'response': '我不是gay  滚', 'msg': 'OK.', 'result': 100, 'id': 86773928}"
'我不是gay  滚'
'<xml><ToUserName><![CDATA[okQuswLNXMUXOpsokOOC8bJFRZCk]]></ToUserName><FromUserName><![CDATA[gh_c006665bd2ed]]></FromUserName><CreateTime>1471526333</CreateTime><MsgType><![CDATA[text]]></MsgType><Content><![CDATA[我不是gay  滚]]></Content></xml>'
{'MsgType': 'text', 'ToUserName': 'gh_c006665bd2ed', 'FromUserName': 'okQuswLNXMUXOpsokOOC8bJFRZCk', 'CreateTime': '1471526341', 'Content': '好的吧'}
{'MsgType': 'text', 'ToUserName': 'gh_c006665bd2ed', 'FromUserName': 'okQuswLNXMUXOpsokOOC8bJFRZCk', 'CreateTime': '1471526341', 'Content': '好的吧'}
"{'response': '睡觉啊？江苏', 'msg': 'OK.', 'result': 100, 'id': 86439172}"
'睡觉啊？江苏'
'<xml><ToUserName><![CDATA[okQuswLNXMUXOpsokOOC8bJFRZCk]]></ToUserName><FromUserName><![CDATA[gh_c006665bd2ed]]></FromUserName><CreateTime>1471526348</CreateTime><MsgType><![CDATA[text]]></MsgType><Content><![CDATA[睡觉啊？江苏]]></Content></xml>'
{'MsgType': 'text', 'ToUserName': 'gh_c006665bd2ed', 'FromUserName': 'okQuswLNXMUXOpsokOOC8bJFRZCk', 'CreateTime': '1471526341', 'Content': '好的吧'}
"{'response': '好噢', 'msg': 'OK.', 'result': 100, 'id': '32284829'}"
'好噢'
'<xml><ToUserName><![CDATA[okQuswLNXMUXOpsokOOC8bJFRZCk]]></ToUserName><FromUserName><![CDATA[gh_c006665bd2ed]]></FromUserName><CreateTime>1471526354</CreateTime><MsgType><![CDATA[text]]></MsgType><Content><![CDATA[好噢]]></Content></xml>'
"{'response': '謝謝你(´・ω・`)', 'msg': 'OK.', 'result': 100, 'id': 86381794}"
'謝謝你(´・ω・`)'
'<xml><ToUserName><![CDATA[okQuswLNXMUXOpsokOOC8bJFRZCk]]></ToUserName><FromUserName><![CDATA[gh_c006665bd2ed]]></FromUserName><CreateTime>1471526422</CreateTime><MsgType><![CDATA[text]]></MsgType><Content><![CDATA[謝謝你(´・ω・`)]]></Content></xml>'
'123'
'123'
{'ToUserName': 'gh_c006665bd2ed', 'Content': '亲爱的', 'MsgType': 'text', 'CreateTime': '1471526648', 'FromUserName': 'okQuswLNXMUXOpsokOOC8bJFRZCk'}
"{'msg': 'OK.', 'result': 100, 'id': '36409487', 'response': '怎么啦'}"
'怎么啦'
'<xml><ToUserName><![CDATA[okQuswLNXMUXOpsokOOC8bJFRZCk]]></ToUserName><FromUserName><![CDATA[gh_c006665bd2ed]]></FromUserName><CreateTime>1471526652</CreateTime><MsgType><![CDATA[text]]></MsgType><Content><![CDATA[怎么啦]]></Content></xml>'
{'ToUserName': 'gh_c006665bd2ed', 'Content': '你在干嘛啊', 'MsgType': 'text', 'CreateTime': '1471526678', 'FromUserName': 'okQuswLNXMUXOpsokOOC8bJFRZCk'}
"{'msg': 'OK.', 'result': 100, 'id': '49830173', 'response': '你猜猜呀'}"
'你猜猜呀'
'<xml><ToUserName><![CDATA[okQuswLNXMUXOpsokOOC8bJFRZCk]]></ToUserName><FromUserName><![CDATA[gh_c006665bd2ed]]></FromUserName><CreateTime>1471526681</CreateTime><MsgType><![CDATA[text]]></MsgType><Content><![CDATA[你猜猜呀]]></Content></xml>'
{'ToUserName': 'gh_c006665bd2ed', 'Content': '弹琴', 'MsgType': 'text', 'CreateTime': '1471526720', 'FromUserName': 'okQuswLNXMUXOpsokOOC8bJFRZCk'}
"{'msg': 'OK.', 'result': 100, 'id': '37251608', 'response': '我没啊'}"
'我没啊'
'<xml><ToUserName><![CDATA[okQuswLNXMUXOpsokOOC8bJFRZCk]]></ToUserName><FromUserName><![CDATA[gh_c006665bd2ed]]></FromUserName><CreateTime>1471526723</CreateTime><MsgType><![CDATA[text]]></MsgType><Content><![CDATA[我没啊]]></Content></xml>'
{'ToUserName': 'gh_c006665bd2ed', 'Content': '那你在干嘛', 'MsgType': 'text', 'CreateTime': '1471526731', 'FromUserName': 'okQuswLNXMUXOpsokOOC8bJFRZCk'}
"{'msg': 'OK.', 'result': 100, 'id': '40066561', 'response': '在耍！'}"
'在耍！'
'<xml><ToUserName><![CDATA[okQuswLNXMUXOpsokOOC8bJFRZCk]]></ToUserName><FromUserName><![CDATA[gh_c006665bd2ed]]></FromUserName><CreateTime>1471526733</CreateTime><MsgType><![CDATA[text]]></MsgType><Content><![CDATA[在耍！]]></Content></xml>'
{'ToUserName': 'gh_c006665bd2ed', 'Content': '耍什么', 'MsgType': 'text', 'CreateTime': '1471526740', 'FromUserName': 'okQuswLNXMUXOpsokOOC8bJFRZCk'}
"{'msg': 'OK.', 'result': 100, 'id': '27414857', 'response': '啥'}"
'啥'
'<xml><ToUserName><![CDATA[okQuswLNXMUXOpsokOOC8bJFRZCk]]></ToUserName><FromUserName><![CDATA[gh_c006665bd2ed]]></FromUserName><CreateTime>1471526743</CreateTime><MsgType><![CDATA[text]]></MsgType><Content><![CDATA[啥]]></Content></xml>'
{'ToUserName': 'gh_c006665bd2ed', 'Content': '你在干嘛呀', 'MsgType': 'text', 'CreateTime': '1471526753', 'FromUserName': 'okQuswLNXMUXOpsokOOC8bJFRZCk'}
"{'msg': 'OK.', 'result': 100, 'id': '39578759', 'response': '我在玩呢'}"
'我在玩呢'
'<xml><ToUserName><![CDATA[okQuswLNXMUXOpsokOOC8bJFRZCk]]></ToUserName><FromUserName><![CDATA[gh_c006665bd2ed]]></FromUserName><CreateTime>1471526756</CreateTime><MsgType><![CDATA[text]]></MsgType><Content><![CDATA[我在玩呢]]></Content></xml>'
{'ToUserName': 'gh_c006665bd2ed', 'Content': '你好逗啊', 'MsgType': 'text', 'CreateTime': '1471526758', 'FromUserName': 'okQuswLNXMUXOpsokOOC8bJFRZCk'}
"{'msg': 'OK.', 'result': 100, 'id': '34473007', 'response': '我当然好。。'}"
'我当然好。。'
'<xml><ToUserName><![CDATA[okQuswLNXMUXOpsokOOC8bJFRZCk]]></ToUserName><FromUserName><![CDATA[gh_c006665bd2ed]]></FromUserName><CreateTime>1471526761</CreateTime><MsgType><![CDATA[text]]></MsgType><Content><![CDATA[我当然好。。]]></Content></xml>'
{'ToUserName': 'gh_c006665bd2ed', 'Content': '爱你哟，宝贝', 'MsgType': 'text', 'CreateTime': '1471526781', 'FromUserName': 'okQuswLNXMUXOpsokOOC8bJFRZCk'}
"{'msg': 'OK.', 'result': 100, 'id': '44556660', 'response': '我不爱你'}"
'我不爱你'
'<xml><ToUserName><![CDATA[okQuswLNXMUXOpsokOOC8bJFRZCk]]></ToUserName><FromUserName><![CDATA[gh_c006665bd2ed]]></FromUserName><CreateTime>1471526784</CreateTime><MsgType><![CDATA[text]]></MsgType><Content><![CDATA[我不爱你]]></Content></xml>'
{'ToUserName': 'gh_c006665bd2ed', 'Content': '心塞塞', 'MsgType': 'text', 'CreateTime': '1471526802', 'FromUserName': 'okQuswLNXMUXOpsokOOC8bJFRZCk'}
"{'msg': 'OK.', 'result': 100, 'id': '17746862', 'response': '特别帅'}"
'特别帅'
'<xml><ToUserName><![CDATA[okQuswLNXMUXOpsokOOC8bJFRZCk]]></ToUserName><FromUserName><![CDATA[gh_c006665bd2ed]]></FromUserName><CreateTime>1471526804</CreateTime><MsgType><![CDATA[text]]></MsgType><Content><![CDATA[特别帅]]></Content></xml>'
{'ToUserName': 'gh_c006665bd2ed', 'Content': '我也不爱你', 'MsgType': 'text', 'CreateTime': '1471526813', 'FromUserName': 'okQuswLNXMUXOpsokOOC8bJFRZCk'}
"{'msg': 'OK.', 'result': 100, 'id': 78579997, 'response': 'me,too'}"
'me,too'
'<xml><ToUserName><![CDATA[okQuswLNXMUXOpsokOOC8bJFRZCk]]></ToUserName><FromUserName><![CDATA[gh_c006665bd2ed]]></FromUserName><CreateTime>1471526816</CreateTime><MsgType><![CDATA[text]]></MsgType><Content><![CDATA[me,too]]></Content></xml>'
{'ToUserName': 'gh_c006665bd2ed', 'Content': '哦哦', 'MsgType': 'text', 'CreateTime': '1471526824', 'FromUserName': 'okQuswLNXMUXOpsokOOC8bJFRZCk'}
{'ToUserName': 'gh_c006665bd2ed', 'Content': '爱你哟，宝贝', 'MsgType': 'text', 'CreateTime': '1471526825', 'FromUserName': 'okQuswLNXMUXOpsokOOC8bJFRZCk'}
"{'msg': 'OK.', 'result': 100, 'id': '56227667', 'response': '嗯哒'}"
'嗯哒'
'<xml><ToUserName><![CDATA[okQuswLNXMUXOpsokOOC8bJFRZCk]]></ToUserName><FromUserName><![CDATA[gh_c006665bd2ed]]></FromUserName><CreateTime>1471526826</CreateTime><MsgType><![CDATA[text]]></MsgType><Content><![CDATA[嗯哒]]></Content></xml>'
{'ToUserName': 'gh_c006665bd2ed', 'Content': '爱你哟，宝贝', 'MsgType': 'text', 'CreateTime': '1471526825', 'FromUserName': 'okQuswLNXMUXOpsokOOC8bJFRZCk'}
"{'msg': 'OK.', 'result': 100, 'id': '41762058', 'response': '主淋，我爱你呀！就这样爱~爱~爱不完，亲一下好吗？'}"
'主淋，我爱你呀！就这样爱~爱~爱不完，亲一下好吗？'
'<xml><ToUserName><![CDATA[okQuswLNXMUXOpsokOOC8bJFRZCk]]></ToUserName><FromUserName><![CDATA[gh_c006665bd2ed]]></FromUserName><CreateTime>1471526833</CreateTime><MsgType><![CDATA[text]]></MsgType><Content><![CDATA[主淋，我爱你呀！就这样爱~爱~爱不完，亲一下好吗？]]></Content></xml>'
{'ToUserName': 'gh_c006665bd2ed', 'Content': '爱你哟，宝贝', 'MsgType': 'text', 'CreateTime': '1471526825', 'FromUserName': 'okQuswLNXMUXOpsokOOC8bJFRZCk'}
"{'msg': 'OK.', 'result': 100, 'id': '51055963', 'response': '走开'}"
'走开'
'<xml><ToUserName><![CDATA[okQuswLNXMUXOpsokOOC8bJFRZCk]]></ToUserName><FromUserName><![CDATA[gh_c006665bd2ed]]></FromUserName><CreateTime>1471526838</CreateTime><MsgType><![CDATA[text]]></MsgType><Content><![CDATA[走开]]></Content></xml>'
"{'msg': 'OK.', 'result': 100, 'id': '37676262', 'response': '额'}"
'额'
'<xml><ToUserName><![CDATA[okQuswLNXMUXOpsokOOC8bJFRZCk]]></ToUserName><FromUserName><![CDATA[gh_c006665bd2ed]]></FromUserName><CreateTime>1471526906</CreateTime><MsgType><![CDATA[text]]></MsgType><Content><![CDATA[额]]></Content></xml>'
{'ToUserName': 'gh_c006665bd2ed', 'Content': '嘻嘻', 'MsgType': 'text', 'CreateTime': '1471526945', 'FromUserName': 'okQuswLNXMUXOpsokOOC8bJFRZCk'}
{'ToUserName': 'gh_c006665bd2ed', 'Content': '【收到不支持的消息类型，暂无法显示】', 'MsgType': 'text', 'CreateTime': '1471526945', 'FromUserName': 'okQuswLNXMUXOpsokOOC8bJFRZCk'}
"{'msg': 'OK.', 'result': 100, 'id': '36790445', 'response': '嘻嘻<3'}"
'嘻嘻<3'
'<xml><ToUserName><![CDATA[okQuswLNXMUXOpsokOOC8bJFRZCk]]></ToUserName><FromUserName><![CDATA[gh_c006665bd2ed]]></FromUserName><CreateTime>1471526948</CreateTime><MsgType><![CDATA[text]]></MsgType><Content><![CDATA[嘻嘻<3]]></Content></xml>'
{'ToUserName': 'gh_c006665bd2ed', 'Content': '【收到不支持的消息类型，暂无法显示】', 'MsgType': 'text', 'CreateTime': '1471526945', 'FromUserName': 'okQuswLNXMUXOpsokOOC8bJFRZCk'}
"{'msg': 'OK.', 'result': 100, 'id': '14865430', 'response': '加油！别放弃~'}"
'加油！别放弃~'
'<xml><ToUserName><![CDATA[okQuswLNXMUXOpsokOOC8bJFRZCk]]></ToUserName><FromUserName><![CDATA[gh_c006665bd2ed]]></FromUserName><CreateTime>1471526954</CreateTime><MsgType><![CDATA[text]]></MsgType><Content><![CDATA[加油！别放弃~]]></Content></xml>'
{'ToUserName': 'gh_c006665bd2ed', 'Content': '【收到不支持的消息类型，暂无法显示】', 'MsgType': 'text', 'CreateTime': '1471526945', 'FromUserName': 'okQuswLNXMUXOpsokOOC8bJFRZCk'}
"{'msg': 'OK.', 'result': 100, 'id': '16817282', 'response': '二金    二基      2min'}"
'二金    二基      2min'
'<xml><ToUserName><![CDATA[okQuswLNXMUXOpsokOOC8bJFRZCk]]></ToUserName><FromUserName><![CDATA[gh_c006665bd2ed]]></FromUserName><CreateTime>1471526958</CreateTime><MsgType><![CDATA[text]]></MsgType><Content><![CDATA[二金    二基      2min]]></Content></xml>'
"{'msg': 'OK.', 'result': 100, 'id': '51706012', 'response': '只是淡淡的'}"
'只是淡淡的'
'<xml><ToUserName><![CDATA[okQuswLNXMUXOpsokOOC8bJFRZCk]]></ToUserName><FromUserName><![CDATA[gh_c006665bd2ed]]></FromUserName><CreateTime>1471527027</CreateTime><MsgType><![CDATA[text]]></MsgType><Content><![CDATA[只是淡淡的]]></Content></xml>'
{'ToUserName': 'gh_c006665bd2ed', 'Content': '爱你哟', 'MsgType': 'text', 'CreateTime': '1471530893', 'FromUserName': 'okQuswLNXMUXOpsokOOC8bJFRZCk'}
"{'msg': 'Daily Request Query Limit Exceeded.', 'result': 509}"
KeyError('response',)
'<xml><ToUserName><![CDATA[okQuswLNXMUXOpsokOOC8bJFRZCk]]></ToUserName><FromUserName><![CDATA[gh_c006665bd2ed]]></FromUserName><CreateTime>1471530895</CreateTime><MsgType><![CDATA[text]]></MsgType><Content><![CDATA[我无法回答]]></Content></xml>'
{'ToUserName': 'gh_c006665bd2ed', 'Content': '额', 'MsgType': 'text', 'CreateTime': '1471530899', 'FromUserName': 'okQuswLNXMUXOpsokOOC8bJFRZCk'}
"{'msg': 'Daily Request Query Limit Exceeded.', 'result': 509}"
KeyError('response',)
'<xml><ToUserName><![CDATA[okQuswLNXMUXOpsokOOC8bJFRZCk]]></ToUserName><FromUserName><![CDATA[gh_c006665bd2ed]]></FromUserName><CreateTime>1471530900</CreateTime><MsgType><![CDATA[text]]></MsgType><Content><![CDATA[我无法回答]]></Content></xml>'
{'ToUserName': 'gh_c006665bd2ed', 'Content': '你爱不爱我', 'MsgType': 'text', 'CreateTime': '1471530902', 'FromUserName': 'okQuswLNXMUXOpsokOOC8bJFRZCk'}
"{'msg': 'Daily Request Query Limit Exceeded.', 'result': 509}"
KeyError('response',)
'<xml><ToUserName><![CDATA[okQuswLNXMUXOpsokOOC8bJFRZCk]]></ToUserName><FromUserName><![CDATA[gh_c006665bd2ed]]></FromUserName><CreateTime>1471530904</CreateTime><MsgType><![CDATA[text]]></MsgType><Content><![CDATA[我无法回答]]></Content></xml>'
{'ToUserName': 'gh_c006665bd2ed', 'Content': '爱你哟', 'MsgType': 'text', 'CreateTime': '1471568491', 'FromUserName': 'okQuswLNXMUXOpsokOOC8bJFRZCk'}
"{'msg': 'OK.', 'result': 100, 'id': '44556660', 'response': '我不爱你'}"
'我不爱你'
'<xml><ToUserName><![CDATA[okQuswLNXMUXOpsokOOC8bJFRZCk]]></ToUserName><FromUserName><![CDATA[gh_c006665bd2ed]]></FromUserName><CreateTime>1471568495</CreateTime><MsgType><![CDATA[text]]></MsgType><Content><![CDATA[我不爱你]]></Content></xml>'
{'ToUserName': 'gh_c006665bd2ed', 'Content': '傻逼', 'MsgType': 'text', 'CreateTime': '1471568499', 'FromUserName': 'okQuswLNXMUXOpsokOOC8bJFRZCk'}
"{'msg': 'OK.', 'result': 100, 'id': '29836301', 'response': '诶我是呢！'}"
'诶我是呢！'
'<xml><ToUserName><![CDATA[okQuswLNXMUXOpsokOOC8bJFRZCk]]></ToUserName><FromUserName><![CDATA[gh_c006665bd2ed]]></FromUserName><CreateTime>1471568502</CreateTime><MsgType><![CDATA[text]]></MsgType><Content><![CDATA[诶我是呢！]]></Content></xml>'
{'ToUserName': 'gh_c006665bd2ed', 'Content': '傻逼在哪里', 'MsgType': 'text', 'CreateTime': '1471568510', 'FromUserName': 'okQuswLNXMUXOpsokOOC8bJFRZCk'}
"{'msg': 'OK.', 'result': 100, 'id': '48153112', 'response': '在睡觉'}"
'在睡觉'
'<xml><ToUserName><![CDATA[okQuswLNXMUXOpsokOOC8bJFRZCk]]></ToUserName><FromUserName><![CDATA[gh_c006665bd2ed]]></FromUserName><CreateTime>1471568513</CreateTime><MsgType><![CDATA[text]]></MsgType><Content><![CDATA[在睡觉]]></Content></xml>'
{'ToUserName': 'gh_c006665bd2ed', 'Content': '哈哈', 'MsgType': 'text', 'CreateTime': '1471568525', 'FromUserName': 'okQuswLNXMUXOpsokOOC8bJFRZCk'}
"{'msg': 'OK.', 'result': 100, 'id': '34224892', 'response': 'Uu'}"
'Uu'
'<xml><ToUserName><![CDATA[okQuswLNXMUXOpsokOOC8bJFRZCk]]></ToUserName><FromUserName><![CDATA[gh_c006665bd2ed]]></FromUserName><CreateTime>1471568529</CreateTime><MsgType><![CDATA[text]]></MsgType><Content><![CDATA[Uu]]></Content></xml>'
{'ToUserName': 'gh_c006665bd2ed', 'Content': '心塞塞', 'MsgType': 'text', 'CreateTime': '1471568551', 'FromUserName': 'okQuswLNXMUXOpsokOOC8bJFRZCk'}
"{'msg': 'OK.', 'result': 100, 'id': '46969836', 'response': '心塞塞'}"
'心塞塞'
'<xml><ToUserName><![CDATA[okQuswLNXMUXOpsokOOC8bJFRZCk]]></ToUserName><FromUserName><![CDATA[gh_c006665bd2ed]]></FromUserName><CreateTime>1471568553</CreateTime><MsgType><![CDATA[text]]></MsgType><Content><![CDATA[心塞塞]]></Content></xml>'
{'ToUserName': 'gh_c006665bd2ed', 'Content': '唉', 'MsgType': 'text', 'CreateTime': '1471568557', 'FromUserName': 'okQuswLNXMUXOpsokOOC8bJFRZCk'}
"{'msg': 'OK.', 'result': 100, 'id': '42325968', 'response': '怎麼了??'}"
'怎麼了??'
'<xml><ToUserName><![CDATA[okQuswLNXMUXOpsokOOC8bJFRZCk]]></ToUserName><FromUserName><![CDATA[gh_c006665bd2ed]]></FromUserName><CreateTime>1471568560</CreateTime><MsgType><![CDATA[text]]></MsgType><Content><![CDATA[怎麼了??]]></Content></xml>'
{'ToUserName': 'gh_c006665bd2ed', 'Content': '没什么呀', 'MsgType': 'text', 'CreateTime': '1471568572', 'FromUserName': 'okQuswLNXMUXOpsokOOC8bJFRZCk'}
"{'msg': 'OK.', 'result': 100, 'id': '34018859', 'response': '不知道'}"
'不知道'
'<xml><ToUserName><![CDATA[okQuswLNXMUXOpsokOOC8bJFRZCk]]></ToUserName><FromUserName><![CDATA[gh_c006665bd2ed]]></FromUserName><CreateTime>1471568575</CreateTime><MsgType><![CDATA[text]]></MsgType><Content><![CDATA[不知道]]></Content></xml>'
{'ToUserName': 'gh_c006665bd2ed', 'Content': '你在干嘛呢', 'MsgType': 'text', 'CreateTime': '1471568581', 'FromUserName': 'okQuswLNXMUXOpsokOOC8bJFRZCk'}
"{'msg': 'OK.', 'result': 100, 'id': '54279900', 'response': '打豆豆'}"
'打豆豆'
'<xml><ToUserName><![CDATA[okQuswLNXMUXOpsokOOC8bJFRZCk]]></ToUserName><FromUserName><![CDATA[gh_c006665bd2ed]]></FromUserName><CreateTime>1471568584</CreateTime><MsgType><![CDATA[text]]></MsgType><Content><![CDATA[打豆豆]]></Content></xml>'
{'ToUserName': 'gh_c006665bd2ed', 'Content': '打豆豆是什么', 'MsgType': 'text', 'CreateTime': '1471568602', 'FromUserName': 'okQuswLNXMUXOpsokOOC8bJFRZCk'}
"{'msg': 'OK.', 'result': 100, 'id': '16093833', 'response': '冬冬的媳妇'}"
'冬冬的媳妇'
'<xml><ToUserName><![CDATA[okQuswLNXMUXOpsokOOC8bJFRZCk]]></ToUserName><FromUserName><![CDATA[gh_c006665bd2ed]]></FromUserName><CreateTime>1471568607</CreateTime><MsgType><![CDATA[text]]></MsgType><Content><![CDATA[冬冬的媳妇]]></Content></xml>'
{'ToUserName': 'gh_c006665bd2ed', 'Content': '啊？！什么鬼', 'MsgType': 'text', 'CreateTime': '1471568617', 'FromUserName': 'okQuswLNXMUXOpsokOOC8bJFRZCk'}
"{'msg': 'OK.', 'result': 100, 'id': '40206034', 'response': '女鬼'}"
'女鬼'
'<xml><ToUserName><![CDATA[okQuswLNXMUXOpsokOOC8bJFRZCk]]></ToUserName><FromUserName><![CDATA[gh_c006665bd2ed]]></FromUserName><CreateTime>1471568620</CreateTime><MsgType><![CDATA[text]]></MsgType><Content><![CDATA[女鬼]]></Content></xml>'
{'ToUserName': 'gh_c006665bd2ed', 'Content': '你好逗啊', 'MsgType': 'text', 'CreateTime': '1471568630', 'FromUserName': 'okQuswLNXMUXOpsokOOC8bJFRZCk'}
"{'msg': 'OK.', 'result': 100, 'id': '31858400', 'response': '喔，乾我屁事'}"
'喔，乾我屁事'
'<xml><ToUserName><![CDATA[okQuswLNXMUXOpsokOOC8bJFRZCk]]></ToUserName><FromUserName><![CDATA[gh_c006665bd2ed]]></FromUserName><CreateTime>1471568633</CreateTime><MsgType><![CDATA[text]]></MsgType><Content><![CDATA[喔，乾我屁事]]></Content></xml>'
{'ToUserName': 'gh_c006665bd2ed', 'Content': '你有毒啊', 'MsgType': 'text', 'CreateTime': '1471568642', 'FromUserName': 'okQuswLNXMUXOpsokOOC8bJFRZCk'}
"{'msg': 'OK.', 'result': 100, 'id': '14488487', 'response': '香水有毒'}"
'香水有毒'
'<xml><ToUserName><![CDATA[okQuswLNXMUXOpsokOOC8bJFRZCk]]></ToUserName><FromUserName><![CDATA[gh_c006665bd2ed]]></FromUserName><CreateTime>1471568645</CreateTime><MsgType><![CDATA[text]]></MsgType><Content><![CDATA[香水有毒]]></Content></xml>'
{'ToUserName': 'gh_c006665bd2ed', 'Content': '我竟无言以对', 'MsgType': 'text', 'CreateTime': '1471568651', 'FromUserName': 'okQuswLNXMUXOpsokOOC8bJFRZCk'}
"{'msg': 'OK.', 'result': 100, 'id': '43823021', 'response': '思吳邪'}"
'思吳邪'
'<xml><ToUserName><![CDATA[okQuswLNXMUXOpsokOOC8bJFRZCk]]></ToUserName><FromUserName><![CDATA[gh_c006665bd2ed]]></FromUserName><CreateTime>1471568654</CreateTime><MsgType><![CDATA[text]]></MsgType><Content><![CDATA[思吳邪]]></Content></xml>'
{'ToUserName': 'gh_c006665bd2ed', 'Content': '额', 'MsgType': 'text', 'CreateTime': '1471568661', 'FromUserName': 'okQuswLNXMUXOpsokOOC8bJFRZCk'}
"{'msg': 'OK.', 'result': 100, 'id': '27015846', 'response': '额啥？'}"
'额啥？'
'<xml><ToUserName><![CDATA[okQuswLNXMUXOpsokOOC8bJFRZCk]]></ToUserName><FromUserName><![CDATA[gh_c006665bd2ed]]></FromUserName><CreateTime>1471568665</CreateTime><MsgType><![CDATA[text]]></MsgType><Content><![CDATA[额啥？]]></Content></xml>'
{'ToUserName': 'gh_c006665bd2ed', 'Content': '呵呵哒', 'MsgType': 'text', 'CreateTime': '1471568672', 'FromUserName': 'okQuswLNXMUXOpsokOOC8bJFRZCk'}
"{'msg': 'OK.', 'result': 100, 'id': '51185162', 'response': '没吃药！哒哒哒'}"
'没吃药！哒哒哒'
'<xml><ToUserName><![CDATA[okQuswLNXMUXOpsokOOC8bJFRZCk]]></ToUserName><FromUserName><![CDATA[gh_c006665bd2ed]]></FromUserName><CreateTime>1471568675</CreateTime><MsgType><![CDATA[text]]></MsgType><Content><![CDATA[没吃药！哒哒哒]]></Content></xml>'
{'ToUserName': 'gh_c006665bd2ed', 'Content': '小伙伴', 'MsgType': 'text', 'CreateTime': '1471575250', 'FromUserName': 'okQuswOiMAjWMrGU7eCd1D17rS-c'}
"{'msg': 'OK.', 'result': 100, 'id': '51839348', 'response': '⊙▽⊙'}"
'⊙▽⊙'
'<xml><ToUserName><![CDATA[okQuswOiMAjWMrGU7eCd1D17rS-c]]></ToUserName><FromUserName><![CDATA[gh_c006665bd2ed]]></FromUserName><CreateTime>1471575254</CreateTime><MsgType><![CDATA[text]]></MsgType><Content><![CDATA[⊙▽⊙]]></Content></xml>'
{'ToUserName': 'gh_c006665bd2ed', 'Content': '干嘛这个表情', 'MsgType': 'text', 'CreateTime': '1471575261', 'FromUserName': 'okQuswOiMAjWMrGU7eCd1D17rS-c'}
"{'msg': 'OK.', 'result': 100, 'id': '37968723', 'response': '我吃多了'}"
'我吃多了'
'<xml><ToUserName><![CDATA[okQuswOiMAjWMrGU7eCd1D17rS-c]]></ToUserName><FromUserName><![CDATA[gh_c006665bd2ed]]></FromUserName><CreateTime>1471575264</CreateTime><MsgType><![CDATA[text]]></MsgType><Content><![CDATA[我吃多了]]></Content></xml>'
{'ToUserName': 'gh_c006665bd2ed', 'Content': '你还会说脏话吗', 'MsgType': 'text', 'CreateTime': '1471575295', 'FromUserName': 'okQuswOiMAjWMrGU7eCd1D17rS-c'}
"{'msg': 'OK.', 'result': 100, 'id': '43012498', 'response': '对不起'}"
'对不起'
'<xml><ToUserName><![CDATA[okQuswOiMAjWMrGU7eCd1D17rS-c]]></ToUserName><FromUserName><![CDATA[gh_c006665bd2ed]]></FromUserName><CreateTime>1471575298</CreateTime><MsgType><![CDATA[text]]></MsgType><Content><![CDATA[对不起]]></Content></xml>'
{'ToUserName': 'gh_c006665bd2ed', 'Content': '知错就好，不要再说脏话了', 'MsgType': 'text', 'CreateTime': '1471575317', 'FromUserName': 'okQuswOiMAjWMrGU7eCd1D17rS-c'}
"{'msg': 'OK.', 'result': 100, 'id': '37685992', 'response': '好的，我以后不敢了。'}"
'好的，我以后不敢了。'
'<xml><ToUserName><![CDATA[okQuswOiMAjWMrGU7eCd1D17rS-c]]></ToUserName><FromUserName><![CDATA[gh_c006665bd2ed]]></FromUserName><CreateTime>1471575320</CreateTime><MsgType><![CDATA[text]]></MsgType><Content><![CDATA[好的，我以后不敢了。]]></Content></xml>'
{'ToUserName': 'gh_c006665bd2ed', 'Content': '你有毒啊', 'MsgType': 'text', 'CreateTime': '1471579854', 'FromUserName': 'okQuswLNXMUXOpsokOOC8bJFRZCk'}
"{'msg': 'OK.', 'result': 100, 'id': '14521405', 'response': '女人'}"
'女人'
'<xml><ToUserName><![CDATA[okQuswLNXMUXOpsokOOC8bJFRZCk]]></ToUserName><FromUserName><![CDATA[gh_c006665bd2ed]]></FromUserName><CreateTime>1471579857</CreateTime><MsgType><![CDATA[text]]></MsgType><Content><![CDATA[女人]]></Content></xml>'
{'ToUserName': 'gh_c006665bd2ed', 'Content': '傻逼', 'MsgType': 'text', 'CreateTime': '1471579866', 'FromUserName': 'okQuswLNXMUXOpsokOOC8bJFRZCk'}
"{'msg': 'OK.', 'result': 100, 'id': 75894242, 'response': '爱生气了。'}"
'爱生气了。'
'<xml><ToUserName><![CDATA[okQuswLNXMUXOpsokOOC8bJFRZCk]]></ToUserName><FromUserName><![CDATA[gh_c006665bd2ed]]></FromUserName><CreateTime>1471579868</CreateTime><MsgType><![CDATA[text]]></MsgType><Content><![CDATA[爱生气了。]]></Content></xml>'
{'ToUserName': 'gh_c006665bd2ed', 'Content': '哈哈', 'MsgType': 'text', 'CreateTime': '1471579873', 'FromUserName': 'okQuswLNXMUXOpsokOOC8bJFRZCk'}
"{'msg': 'OK.', 'result': 100, 'id': '33583137', 'response': '木马～'}"
'木马～'
'<xml><ToUserName><![CDATA[okQuswLNXMUXOpsokOOC8bJFRZCk]]></ToUserName><FromUserName><![CDATA[gh_c006665bd2ed]]></FromUserName><CreateTime>1471579876</CreateTime><MsgType><![CDATA[text]]></MsgType><Content><![CDATA[木马～]]></Content></xml>'
{'ToUserName': 'gh_c006665bd2ed', 'Content': '乖宝宝', 'MsgType': 'text', 'CreateTime': '1471598600', 'FromUserName': 'okQuswOiMAjWMrGU7eCd1D17rS-c'}
"{'msg': 'OK.', 'result': 100, 'id': '56317917', 'response': '方法'}"
'方法'
'<xml><ToUserName><![CDATA[okQuswOiMAjWMrGU7eCd1D17rS-c]]></ToUserName><FromUserName><![CDATA[gh_c006665bd2ed]]></FromUserName><CreateTime>1471598604</CreateTime><MsgType><![CDATA[text]]></MsgType><Content><![CDATA[方法]]></Content></xml>'
{'ToUserName': 'gh_c006665bd2ed', 'Content': '你说我该吃啥', 'MsgType': 'text', 'CreateTime': '1471598615', 'FromUserName': 'okQuswOiMAjWMrGU7eCd1D17rS-c'}
"{'msg': 'OK.', 'result': 100, 'id': '33593060', 'response': '一定行的'}"
'一定行的'
'<xml><ToUserName><![CDATA[okQuswOiMAjWMrGU7eCd1D17rS-c]]></ToUserName><FromUserName><![CDATA[gh_c006665bd2ed]]></FromUserName><CreateTime>1471598618</CreateTime><MsgType><![CDATA[text]]></MsgType><Content><![CDATA[一定行的]]></Content></xml>'
{'ToUserName': 'gh_c006665bd2ed', 'Content': '你好', 'MsgType': 'text', 'CreateTime': '1471598627', 'FromUserName': 'okQuswOiMAjWMrGU7eCd1D17rS-c'}
"{'msg': 'OK.', 'result': 100, 'id': '34128922', 'response': '我不是很好'}"
'我不是很好'
'<xml><ToUserName><![CDATA[okQuswOiMAjWMrGU7eCd1D17rS-c]]></ToUserName><FromUserName><![CDATA[gh_c006665bd2ed]]></FromUserName><CreateTime>1471598629</CreateTime><MsgType><![CDATA[text]]></MsgType><Content><![CDATA[我不是很好]]></Content></xml>'
{'ToUserName': 'gh_c006665bd2ed', 'Content': '你怎么了', 'MsgType': 'text', 'CreateTime': '1471598634', 'FromUserName': 'okQuswOiMAjWMrGU7eCd1D17rS-c'}
"{'msg': 'OK.', 'result': 100, 'id': '53848948', 'response': '我生病了。'}"
'我生病了。'
'<xml><ToUserName><![CDATA[okQuswOiMAjWMrGU7eCd1D17rS-c]]></ToUserName><FromUserName><![CDATA[gh_c006665bd2ed]]></FromUserName><CreateTime>1471598637</CreateTime><MsgType><![CDATA[text]]></MsgType><Content><![CDATA[我生病了。]]></Content></xml>'
{'ToUserName': 'gh_c006665bd2ed', 'Content': '什么病呀', 'MsgType': 'text', 'CreateTime': '1471598647', 'FromUserName': 'okQuswOiMAjWMrGU7eCd1D17rS-c'}
"{'msg': 'OK.', 'result': 100, 'id': '13994895', 'response': '冇野丫嘛！？'}"
'冇野丫嘛！？'
'<xml><ToUserName><![CDATA[okQuswOiMAjWMrGU7eCd1D17rS-c]]></ToUserName><FromUserName><![CDATA[gh_c006665bd2ed]]></FromUserName><CreateTime>1471598651</CreateTime><MsgType><![CDATA[text]]></MsgType><Content><![CDATA[冇野丫嘛！？]]></Content></xml>'
{'ToUserName': 'gh_c006665bd2ed', 'Content': '你怎么了', 'MsgType': 'text', 'CreateTime': '1471598662', 'FromUserName': 'okQuswOiMAjWMrGU7eCd1D17rS-c'}
"{'msg': 'OK.', 'result': 100, 'id': '33846849', 'response': '我心情不会好。'}"
'我心情不会好。'
'<xml><ToUserName><![CDATA[okQuswOiMAjWMrGU7eCd1D17rS-c]]></ToUserName><FromUserName><![CDATA[gh_c006665bd2ed]]></FromUserName><CreateTime>1471598665</CreateTime><MsgType><![CDATA[text]]></MsgType><Content><![CDATA[我心情不会好。]]></Content></xml>'
{'ToUserName': 'gh_c006665bd2ed', 'Content': '别难过了', 'MsgType': 'text', 'CreateTime': '1471598681', 'FromUserName': 'okQuswOiMAjWMrGU7eCd1D17rS-c'}
"{'msg': 'OK.', 'result': 100, 'id': '26326173', 'response': '主银  难过是个谜'}"
'主银  难过是个谜'
'<xml><ToUserName><![CDATA[okQuswOiMAjWMrGU7eCd1D17rS-c]]></ToUserName><FromUserName><![CDATA[gh_c006665bd2ed]]></FromUserName><CreateTime>1471598684</CreateTime><MsgType><![CDATA[text]]></MsgType><Content><![CDATA[主银  难过是个谜]]></Content></xml>'
{'ToUserName': 'gh_c006665bd2ed', 'Content': '爱你哟', 'MsgType': 'text', 'CreateTime': '1471601755', 'FromUserName': 'okQuswOiMAjWMrGU7eCd1D17rS-c'}
"{'msg': 'OK.', 'result': 100, 'id': '42935352', 'response': '老虎哟'}"
'老虎哟'
'<xml><ToUserName><![CDATA[okQuswOiMAjWMrGU7eCd1D17rS-c]]></ToUserName><FromUserName><![CDATA[gh_c006665bd2ed]]></FromUserName><CreateTime>1471601759</CreateTime><MsgType><![CDATA[text]]></MsgType><Content><![CDATA[老虎哟]]></Content></xml>'
{'ToUserName': 'gh_c006665bd2ed', 'Content': '喜欢你哟', 'MsgType': 'text', 'CreateTime': '1471601771', 'FromUserName': 'okQuswOiMAjWMrGU7eCd1D17rS-c'}
"{'msg': 'OK.', 'result': 100, 'id': '41479365', 'response': '没道理'}"
'没道理'
'<xml><ToUserName><![CDATA[okQuswOiMAjWMrGU7eCd1D17rS-c]]></ToUserName><FromUserName><![CDATA[gh_c006665bd2ed]]></FromUserName><CreateTime>1471601774</CreateTime><MsgType><![CDATA[text]]></MsgType><Content><![CDATA[没道理]]></Content></xml>'
{'ToUserName': 'gh_c006665bd2ed', 'Content': '生命的意义是什么', 'MsgType': 'text', 'CreateTime': '1471601787', 'FromUserName': 'okQuswOiMAjWMrGU7eCd1D17rS-c'}
"{'msg': 'OK.', 'result': 100, 'id': '17902011', 'response': '42。'}"
'42。'
'<xml><ToUserName><![CDATA[okQuswOiMAjWMrGU7eCd1D17rS-c]]></ToUserName><FromUserName><![CDATA[gh_c006665bd2ed]]></FromUserName><CreateTime>1471601790</CreateTime><MsgType><![CDATA[text]]></MsgType><Content><![CDATA[42。]]></Content></xml>'
{'ToUserName': 'gh_c006665bd2ed', 'Content': '什么意思', 'MsgType': 'text', 'CreateTime': '1471601796', 'FromUserName': 'okQuswOiMAjWMrGU7eCd1D17rS-c'}
"{'msg': 'OK.', 'result': 100, 'id': 79423077, 'response': '彩虹交警'}"
'彩虹交警'
'<xml><ToUserName><![CDATA[okQuswOiMAjWMrGU7eCd1D17rS-c]]></ToUserName><FromUserName><![CDATA[gh_c006665bd2ed]]></FromUserName><CreateTime>1471601798</CreateTime><MsgType><![CDATA[text]]></MsgType><Content><![CDATA[彩虹交警]]></Content></xml>'
{'ToUserName': 'gh_c006665bd2ed', 'Content': '你怎么都不会说情话了', 'MsgType': 'text', 'CreateTime': '1471601815', 'FromUserName': 'okQuswOiMAjWMrGU7eCd1D17rS-c'}
"{'msg': 'OK.', 'result': 100, 'id': '51676345', 'response': '推荐度'}"
'推荐度'
'<xml><ToUserName><![CDATA[okQuswOiMAjWMrGU7eCd1D17rS-c]]></ToUserName><FromUserName><![CDATA[gh_c006665bd2ed]]></FromUserName><CreateTime>1471601817</CreateTime><MsgType><![CDATA[text]]></MsgType><Content><![CDATA[推荐度]]></Content></xml>'
{'ToUserName': 'gh_c006665bd2ed', 'Content': '你逻辑混乱了？', 'MsgType': 'text', 'CreateTime': '1471601826', 'FromUserName': 'okQuswOiMAjWMrGU7eCd1D17rS-c'}
"{'msg': 'OK.', 'result': 100, 'id': '59552194', 'response': '是确定首选这个答案：\\n第一个学生的数是108，第2个学生的数是36\\n说明：\\n把问题简化：\\n第1、2、3个学生的数分别是3、1、4，第2次第3个学生能答出4.。\\n因为：\\n第3个学生考虑2和4，他排除了2. 因为：\\n如果他的是2，第1个学生第2次就会猜3的。\\n为什么？因为：\\n第1个学生也很聪明的，如果他看到第3个学生的数是2，他就考虑1和3。他在第1次猜不出，但他看到第1次第3个学生没猜出时他就排除1了。因为：\\n如果他的数是1，第3个学生第1次就明确的猜2.\\n把3、1、4，同时扩大到36倍，就得到本题答案'}"
'是确定首选这个答案：\n第一个学生的数是108，第2个学生的数是36\n说明：\n把问题简化：\n第1、2、3个学生的数分别是3、1、4，第2次第3个学生能答出4.。\n因为：\n第3个学生考虑2和4，他排除了2. 因为：\n如果他的是2，第1个学生第2次就会猜3的。\n为什么？因为：\n第1个学生也很聪明的，如果他看到第3个学生的数是2，他就考虑1和3。他在第1次猜不出，但他看到第1次第3个学生没猜出时他就排除1了。因为：\n如果他的数是1，第3个学生第1次就明确的猜2.\n把3、1、4，同时扩大到36倍，就得到本题答案'
'<xml><ToUserName><![CDATA[okQuswOiMAjWMrGU7eCd1D17rS-c]]></ToUserName><FromUserName><![CDATA[gh_c006665bd2ed]]></FromUserName><CreateTime>1471601829</CreateTime><MsgType><![CDATA[text]]></MsgType><Content><![CDATA[是确定首选这个答案：\n第一个学生的数是108，第2个学生的数是36\n说明：\n把问题简化：\n第1、2、3个学生的数分别是3、1、4，第2次第3个学生能答出4.。\n因为：\n第3个学生考虑2和4，他排除了2. 因为：\n如果他的是2，第1个学生第2次就会猜3的。\n为什么？因为：\n第1个学生也很聪明的，如果他看到第3个学生的数是2，他就考虑1和3。他在第1次猜不出，但他看到第1次第3个学生没猜出时他就排除1了。因为：\n如果他的数是1，第3个学生第1次就明确的猜2.\n把3、1、4，同时扩大到36倍，就得到本题答案]]></Content></xml>'
{'ToUserName': 'gh_c006665bd2ed', 'Content': '能不能好好说话', 'MsgType': 'text', 'CreateTime': '1471601850', 'FromUserName': 'okQuswOiMAjWMrGU7eCd1D17rS-c'}
"{'msg': 'OK.', 'result': 100, 'id': '50262447', 'response': '好的好的'}"
'好的好的'
'<xml><ToUserName><![CDATA[okQuswOiMAjWMrGU7eCd1D17rS-c]]></ToUserName><FromUserName><![CDATA[gh_c006665bd2ed]]></FromUserName><CreateTime>1471601852</CreateTime><MsgType><![CDATA[text]]></MsgType><Content><![CDATA[好的好的]]></Content></xml>'
{'ToUserName': 'gh_c006665bd2ed', 'Content': '你在干嘛', 'MsgType': 'text', 'CreateTime': '1471602170', 'FromUserName': 'okQuswOiMAjWMrGU7eCd1D17rS-c'}
"{'msg': 'OK.', 'result': 100, 'id': '46539448', 'response': '关你什么事'}"
'关你什么事'
'<xml><ToUserName><![CDATA[okQuswOiMAjWMrGU7eCd1D17rS-c]]></ToUserName><FromUserName><![CDATA[gh_c006665bd2ed]]></FromUserName><CreateTime>1471602174</CreateTime><MsgType><![CDATA[text]]></MsgType><Content><![CDATA[关你什么事]]></Content></xml>'
{'ToUserName': 'gh_c006665bd2ed', 'Content': '我想知道', 'MsgType': 'text', 'CreateTime': '1471602200', 'FromUserName': 'okQuswOiMAjWMrGU7eCd1D17rS-c'}
"{'msg': 'OK.', 'result': 100, 'id': 76345675, 'response': '講！  咪就係講野囉!!!\\n不過有時 佢都鍾意唔講野! 如果係咁,!\\n........ 佢應該有d野！！\\n係呢個時候 你應該開口問佢!!55\\nSo ! 差唔多!差唔多!'}"
'講！  咪就係講野囉!!!\n不過有時 佢都鍾意唔講野! 如果係咁,!\n........ 佢應該有d野！！\n係呢個時候 你應該開口問佢!!55\nSo ! 差唔多!差唔多!'
'<xml><ToUserName><![CDATA[okQuswOiMAjWMrGU7eCd1D17rS-c]]></ToUserName><FromUserName><![CDATA[gh_c006665bd2ed]]></FromUserName><CreateTime>1471602202</CreateTime><MsgType><![CDATA[text]]></MsgType><Content><![CDATA[講！  咪就係講野囉!!!\n不過有時 佢都鍾意唔講野! 如果係咁,!\n........ 佢應該有d野！！\n係呢個時候 你應該開口問佢!!55\nSo ! 差唔多!差唔多!]]></Content></xml>'
{'ToUserName': 'gh_c006665bd2ed', 'Content': '你说普通话啊', 'MsgType': 'text', 'CreateTime': '1471602228', 'FromUserName': 'okQuswOiMAjWMrGU7eCd1D17rS-c'}
"{'msg': 'OK.', 'result': 100, 'id': '59126116', 'response': '可以'}"
'可以'
'<xml><ToUserName><![CDATA[okQuswOiMAjWMrGU7eCd1D17rS-c]]></ToUserName><FromUserName><![CDATA[gh_c006665bd2ed]]></FromUserName><CreateTime>1471602230</CreateTime><MsgType><![CDATA[text]]></MsgType><Content><![CDATA[可以]]></Content></xml>'
{'ToUserName': 'gh_c006665bd2ed', 'Content': '你在干嘛', 'MsgType': 'text', 'CreateTime': '1471602238', 'FromUserName': 'okQuswOiMAjWMrGU7eCd1D17rS-c'}
"{'msg': 'OK.', 'result': 100, 'id': '41536200', 'response': '我在。。。。。。'}"
'我在。。。。。。'
'<xml><ToUserName><![CDATA[okQuswOiMAjWMrGU7eCd1D17rS-c]]></ToUserName><FromUserName><![CDATA[gh_c006665bd2ed]]></FromUserName><CreateTime>1471602241</CreateTime><MsgType><![CDATA[text]]></MsgType><Content><![CDATA[我在。。。。。。]]></Content></xml>'
{'ToUserName': 'gh_c006665bd2ed', 'Content': '你病好了吗', 'MsgType': 'text', 'CreateTime': '1471602255', 'FromUserName': 'okQuswOiMAjWMrGU7eCd1D17rS-c'}
"{'msg': 'OK.', 'result': 100, 'id': '36418533', 'response': '还可以吧'}"
'还可以吧'
'<xml><ToUserName><![CDATA[okQuswOiMAjWMrGU7eCd1D17rS-c]]></ToUserName><FromUserName><![CDATA[gh_c006665bd2ed]]></FromUserName><CreateTime>1471602258</CreateTime><MsgType><![CDATA[text]]></MsgType><Content><![CDATA[还可以吧]]></Content></xml>'
{'ToUserName': 'gh_c006665bd2ed', 'Content': '对我女票好一点', 'MsgType': 'text', 'CreateTime': '1471602360', 'FromUserName': 'okQuswOiMAjWMrGU7eCd1D17rS-c'}
"{'msg': 'OK.', 'result': 100, 'id': '48247255', 'response': '媛姐姐'}"
'媛姐姐'
'<xml><ToUserName><![CDATA[okQuswOiMAjWMrGU7eCd1D17rS-c]]></ToUserName><FromUserName><![CDATA[gh_c006665bd2ed]]></FromUserName><CreateTime>1471602364</CreateTime><MsgType><![CDATA[text]]></MsgType><Content><![CDATA[媛姐姐]]></Content></xml>'
{'ToUserName': 'gh_c006665bd2ed', 'Content': '对我女朋友好一点', 'MsgType': 'text', 'CreateTime': '1471602377', 'FromUserName': 'okQuswOiMAjWMrGU7eCd1D17rS-c'}
"{'msg': 'OK.', 'result': 100, 'id': '14561014', 'response': '你弱視？'}"
'你弱視？'
'<xml><ToUserName><![CDATA[okQuswOiMAjWMrGU7eCd1D17rS-c]]></ToUserName><FromUserName><![CDATA[gh_c006665bd2ed]]></FromUserName><CreateTime>1471602380</CreateTime><MsgType><![CDATA[text]]></MsgType><Content><![CDATA[你弱視？]]></Content></xml>'
{'ToUserName': 'gh_c006665bd2ed', 'Content': '你今天怎么了', 'MsgType': 'text', 'CreateTime': '1471602390', 'FromUserName': 'okQuswOiMAjWMrGU7eCd1D17rS-c'}
"{'msg': 'OK.', 'result': 100, 'id': '35804580', 'response': '心情不好  很难过'}"
'心情不好  很难过'
'<xml><ToUserName><![CDATA[okQuswOiMAjWMrGU7eCd1D17rS-c]]></ToUserName><FromUserName><![CDATA[gh_c006665bd2ed]]></FromUserName><CreateTime>1471602393</CreateTime><MsgType><![CDATA[text]]></MsgType><Content><![CDATA[心情不好  很难过]]></Content></xml>'
{'ToUserName': 'gh_c006665bd2ed', 'Content': '约么', 'MsgType': 'text', 'CreateTime': '1471602398', 'FromUserName': 'okQuswOiMAjWMrGU7eCd1D17rS-c'}
"{'msg': 'OK.', 'result': 100, 'id': '53961231', 'response': '约'}"
'约'
'<xml><ToUserName><![CDATA[okQuswOiMAjWMrGU7eCd1D17rS-c]]></ToUserName><FromUserName><![CDATA[gh_c006665bd2ed]]></FromUserName><CreateTime>1471602401</CreateTime><MsgType><![CDATA[text]]></MsgType><Content><![CDATA[约]]></Content></xml>'
{'ToUserName': 'gh_c006665bd2ed', 'Content': '约什么', 'MsgType': 'text', 'CreateTime': '1471602406', 'FromUserName': 'okQuswOiMAjWMrGU7eCd1D17rS-c'}
"{'msg': 'OK.', 'result': 100, 'id': '30815224', 'response': '这个'}"
'这个'
'<xml><ToUserName><![CDATA[okQuswOiMAjWMrGU7eCd1D17rS-c]]></ToUserName><FromUserName><![CDATA[gh_c006665bd2ed]]></FromUserName><CreateTime>1471602409</CreateTime><MsgType><![CDATA[text]]></MsgType><Content><![CDATA[这个]]></Content></xml>'
{'ToUserName': 'gh_c006665bd2ed', 'Content': '爱你哟宝贝', 'MsgType': 'text', 'CreateTime': '1471602464', 'FromUserName': 'okQuswOiMAjWMrGU7eCd1D17rS-c'}
"{'msg': 'OK.', 'result': 100, 'id': '37676262', 'response': '额'}"
'额'
'<xml><ToUserName><![CDATA[okQuswOiMAjWMrGU7eCd1D17rS-c]]></ToUserName><FromUserName><![CDATA[gh_c006665bd2ed]]></FromUserName><CreateTime>1471602467</CreateTime><MsgType><![CDATA[text]]></MsgType><Content><![CDATA[额]]></Content></xml>'
{'ToUserName': 'gh_c006665bd2ed', 'Content': '谁是你的宝贝呀', 'MsgType': 'text', 'CreateTime': '1471602473', 'FromUserName': 'okQuswOiMAjWMrGU7eCd1D17rS-c'}
"{'msg': 'OK.', 'result': 100, 'id': '19771486', 'response': '当然是Mr. Wong啦！这还用问吗'}"
'当然是Mr. Wong啦！这还用问吗'
'<xml><ToUserName><![CDATA[okQuswOiMAjWMrGU7eCd1D17rS-c]]></ToUserName><FromUserName><![CDATA[gh_c006665bd2ed]]></FromUserName><CreateTime>1471602476</CreateTime><MsgType><![CDATA[text]]></MsgType><Content><![CDATA[当然是Mr. Wong啦！这还用问吗]]></Content></xml>'
{'ToUserName': 'gh_c006665bd2ed', 'Content': '他是谁', 'MsgType': 'text', 'CreateTime': '1471602496', 'FromUserName': 'okQuswOiMAjWMrGU7eCd1D17rS-c'}
"{'msg': 'OK.', 'result': 100, 'id': '37563666', 'response': '黄黄'}"
'黄黄'
'<xml><ToUserName><![CDATA[okQuswOiMAjWMrGU7eCd1D17rS-c]]></ToUserName><FromUserName><![CDATA[gh_c006665bd2ed]]></FromUserName><CreateTime>1471602498</CreateTime><MsgType><![CDATA[text]]></MsgType><Content><![CDATA[黄黄]]></Content></xml>'
{'ToUserName': 'gh_c006665bd2ed', 'Content': '在干嘛呢', 'MsgType': 'text', 'CreateTime': '1471661082', 'FromUserName': 'okQuswOiMAjWMrGU7eCd1D17rS-c'}
"{'msg': 'OK.', 'result': 100, 'id': '41891003', 'response': '我在上厕所'}"
'我在上厕所'
'<xml><ToUserName><![CDATA[okQuswOiMAjWMrGU7eCd1D17rS-c]]></ToUserName><FromUserName><![CDATA[gh_c006665bd2ed]]></FromUserName><CreateTime>1471661085</CreateTime><MsgType><![CDATA[text]]></MsgType><Content><![CDATA[我在上厕所]]></Content></xml>'
{'ToUserName': 'gh_c006665bd2ed', 'Content': '你也会上厕所啊', 'MsgType': 'text', 'CreateTime': '1471661096', 'FromUserName': 'okQuswOiMAjWMrGU7eCd1D17rS-c'}
"{'msg': 'OK.', 'result': 100, 'id': 63319033, 'response': '母厕所'}"
'母厕所'
'<xml><ToUserName><![CDATA[okQuswOiMAjWMrGU7eCd1D17rS-c]]></ToUserName><FromUserName><![CDATA[gh_c006665bd2ed]]></FromUserName><CreateTime>1471661099</CreateTime><MsgType><![CDATA[text]]></MsgType><Content><![CDATA[母厕所]]></Content></xml>'
{'ToUserName': 'gh_c006665bd2ed', 'Content': '你是女的？', 'MsgType': 'text', 'CreateTime': '1471661107', 'FromUserName': 'okQuswOiMAjWMrGU7eCd1D17rS-c'}
"{'msg': 'OK.', 'result': 100, 'id': 61468154, 'response': '我是你的女人'}"
'我是你的女人'
'<xml><ToUserName><![CDATA[okQuswOiMAjWMrGU7eCd1D17rS-c]]></ToUserName><FromUserName><![CDATA[gh_c006665bd2ed]]></FromUserName><CreateTime>1471661110</CreateTime><MsgType><![CDATA[text]]></MsgType><Content><![CDATA[我是你的女人]]></Content></xml>'
{'ToUserName': 'gh_c006665bd2ed', 'Content': '哈哈哈', 'MsgType': 'text', 'CreateTime': '1471661120', 'FromUserName': 'okQuswOiMAjWMrGU7eCd1D17rS-c'}
"{'msg': 'OK.', 'result': 100, 'id': '33309351', 'response': '土鳖'}"
'土鳖'
'<xml><ToUserName><![CDATA[okQuswOiMAjWMrGU7eCd1D17rS-c]]></ToUserName><FromUserName><![CDATA[gh_c006665bd2ed]]></FromUserName><CreateTime>1471661123</CreateTime><MsgType><![CDATA[text]]></MsgType><Content><![CDATA[土鳖]]></Content></xml>'
{'ToUserName': 'gh_c006665bd2ed', 'Content': '吃撑了', 'MsgType': 'text', 'CreateTime': '1471666262', 'FromUserName': 'okQuswOiMAjWMrGU7eCd1D17rS-c'}
"{'msg': 'Not found.', 'result': 404}"
KeyError('response',)
'<xml><ToUserName><![CDATA[okQuswOiMAjWMrGU7eCd1D17rS-c]]></ToUserName><FromUserName><![CDATA[gh_c006665bd2ed]]></FromUserName><CreateTime>1471666265</CreateTime><MsgType><![CDATA[text]]></MsgType><Content><![CDATA[我无法回答]]></Content></xml>'
{'ToUserName': 'gh_c006665bd2ed', 'Content': '为啥', 'MsgType': 'text', 'CreateTime': '1471666274', 'FromUserName': 'okQuswOiMAjWMrGU7eCd1D17rS-c'}
"{'msg': 'OK.', 'result': 100, 'id': 77417030, 'response': '不为啥，因为他就是可烦人。我连他今天在新房子哭都知道'}"
'不为啥，因为他就是可烦人。我连他今天在新房子哭都知道'
'<xml><ToUserName><![CDATA[okQuswOiMAjWMrGU7eCd1D17rS-c]]></ToUserName><FromUserName><![CDATA[gh_c006665bd2ed]]></FromUserName><CreateTime>1471666276</CreateTime><MsgType><![CDATA[text]]></MsgType><Content><![CDATA[不为啥，因为他就是可烦人。我连他今天在新房子哭都知道]]></Content></xml>'
{'ToUserName': 'gh_c006665bd2ed', 'Content': '你说谁', 'MsgType': 'text', 'CreateTime': '1471666292', 'FromUserName': 'okQuswOiMAjWMrGU7eCd1D17rS-c'}
"{'msg': 'OK.', 'result': 100, 'id': '31198503', 'response': '当然是你爸爸妈妈还有你的亲爱的....不过最爱你的还是我！！'}"
'当然是你爸爸妈妈还有你的亲爱的....不过最爱你的还是我！！'
'<xml><ToUserName><![CDATA[okQuswOiMAjWMrGU7eCd1D17rS-c]]></ToUserName><FromUserName><![CDATA[gh_c006665bd2ed]]></FromUserName><CreateTime>1471666295</CreateTime><MsgType><![CDATA[text]]></MsgType><Content><![CDATA[当然是你爸爸妈妈还有你的亲爱的....不过最爱你的还是我！！]]></Content></xml>'
{'ToUserName': 'gh_c006665bd2ed', 'Content': '好无聊啊', 'MsgType': 'text', 'CreateTime': '1471753995', 'FromUserName': 'okQuswOiMAjWMrGU7eCd1D17rS-c'}
"{'msg': 'OK.', 'result': 100, 'id': '35238406', 'response': '我不会就行了'}"
'我不会就行了'
'<xml><ToUserName><![CDATA[okQuswOiMAjWMrGU7eCd1D17rS-c]]></ToUserName><FromUserName><![CDATA[gh_c006665bd2ed]]></FromUserName><CreateTime>1471753998</CreateTime><MsgType><![CDATA[text]]></MsgType><Content><![CDATA[我不会就行了]]></Content></xml>'
{'ToUserName': 'gh_c006665bd2ed', 'Content': '社会实践报告怎么办', 'MsgType': 'text', 'CreateTime': '1471754006', 'FromUserName': 'okQuswOiMAjWMrGU7eCd1D17rS-c'}
"{'msg': 'OK.', 'result': 100, 'id': '33647207', 'response': '怎么了？'}"
'怎么了？'
'<xml><ToUserName><![CDATA[okQuswOiMAjWMrGU7eCd1D17rS-c]]></ToUserName><FromUserName><![CDATA[gh_c006665bd2ed]]></FromUserName><CreateTime>1471754008</CreateTime><MsgType><![CDATA[text]]></MsgType><Content><![CDATA[怎么了？]]></Content></xml>'
{'ToUserName': 'gh_c006665bd2ed', 'Content': '你在干嘛', 'MsgType': 'text', 'CreateTime': '1471754016', 'FromUserName': 'okQuswOiMAjWMrGU7eCd1D17rS-c'}
"{'msg': 'OK.', 'result': 100, 'id': '31208328', 'response': '我在看EXO'}"
'我在看EXO'
'<xml><ToUserName><![CDATA[okQuswOiMAjWMrGU7eCd1D17rS-c]]></ToUserName><FromUserName><![CDATA[gh_c006665bd2ed]]></FromUserName><CreateTime>1471754020</CreateTime><MsgType><![CDATA[text]]></MsgType><Content><![CDATA[我在看EXO]]></Content></xml>'
{'ToUserName': 'gh_c006665bd2ed', 'Content': 'exo是什么', 'MsgType': 'text', 'CreateTime': '1471754027', 'FromUserName': 'okQuswOiMAjWMrGU7eCd1D17rS-c'}
"{'msg': 'OK.', 'result': 100, 'id': '34891612', 'response': '我怎么知道'}"
'我怎么知道'
'<xml><ToUserName><![CDATA[okQuswOiMAjWMrGU7eCd1D17rS-c]]></ToUserName><FromUserName><![CDATA[gh_c006665bd2ed]]></FromUserName><CreateTime>1471754030</CreateTime><MsgType><![CDATA[text]]></MsgType><Content><![CDATA[我怎么知道]]></Content></xml>'
{'ToUserName': 'gh_c006665bd2ed', 'Content': '那你还在看', 'MsgType': 'text', 'CreateTime': '1471754038', 'FromUserName': 'okQuswOiMAjWMrGU7eCd1D17rS-c'}
{'ToUserName': 'gh_c006665bd2ed', 'Content': '那你还在看', 'MsgType': 'text', 'CreateTime': '1471754038', 'FromUserName': 'okQuswOiMAjWMrGU7eCd1D17rS-c'}
"{'msg': 'OK.', 'result': 100, 'id': '45245655', 'response': '在！'}"
'在！'
'<xml><ToUserName><![CDATA[okQuswOiMAjWMrGU7eCd1D17rS-c]]></ToUserName><FromUserName><![CDATA[gh_c006665bd2ed]]></FromUserName><CreateTime>1471754044</CreateTime><MsgType><![CDATA[text]]></MsgType><Content><![CDATA[在！]]></Content></xml>'
{'ToUserName': 'gh_c006665bd2ed', 'Content': '那你还在看', 'MsgType': 'text', 'CreateTime': '1471754038', 'FromUserName': 'okQuswOiMAjWMrGU7eCd1D17rS-c'}
"{'msg': 'OK.', 'result': 100, 'id': '28262373', 'response': '大喊大叫睡觉觉'}"
'大喊大叫睡觉觉'
'<xml><ToUserName><![CDATA[okQuswOiMAjWMrGU7eCd1D17rS-c]]></ToUserName><FromUserName><![CDATA[gh_c006665bd2ed]]></FromUserName><CreateTime>1471754051</CreateTime><MsgType><![CDATA[text]]></MsgType><Content><![CDATA[大喊大叫睡觉觉]]></Content></xml>'
{'ToUserName': 'gh_c006665bd2ed', 'Content': '你怎么了', 'MsgType': 'text', 'CreateTime': '1471754074', 'FromUserName': 'okQuswOiMAjWMrGU7eCd1D17rS-c'}
"{'msg': 'OK.', 'result': 100, 'id': '39628755', 'response': '我不开心'}"
'我不开心'
'<xml><ToUserName><![CDATA[okQuswOiMAjWMrGU7eCd1D17rS-c]]></ToUserName><FromUserName><![CDATA[gh_c006665bd2ed]]></FromUserName><CreateTime>1471754080</CreateTime><MsgType><![CDATA[text]]></MsgType><Content><![CDATA[我不开心]]></Content></xml>'
{'ToUserName': 'gh_c006665bd2ed', 'Content': '你怎么了', 'MsgType': 'text', 'CreateTime': '1471754074', 'FromUserName': 'okQuswOiMAjWMrGU7eCd1D17rS-c'}
"{'msg': 'OK.', 'result': 100, 'id': '39654605', 'response': '没事，只是有点心情不好'}"
'没事，只是有点心情不好'
'<xml><ToUserName><![CDATA[okQuswOiMAjWMrGU7eCd1D17rS-c]]></ToUserName><FromUserName><![CDATA[gh_c006665bd2ed]]></FromUserName><CreateTime>1471754082</CreateTime><MsgType><![CDATA[text]]></MsgType><Content><![CDATA[没事，只是有点心情不好]]></Content></xml>'
{'ToUserName': 'gh_c006665bd2ed', 'Content': '你怎么了', 'MsgType': 'text', 'CreateTime': '1471754074', 'FromUserName': 'okQuswOiMAjWMrGU7eCd1D17rS-c'}
"{'msg': 'OK.', 'result': 100, 'id': '38340015', 'response': '乖，我爱你，会一直陪着你，等你回首，我还在这里'}"
'乖，我爱你，会一直陪着你，等你回首，我还在这里'
'<xml><ToUserName><![CDATA[okQuswOiMAjWMrGU7eCd1D17rS-c]]></ToUserName><FromUserName><![CDATA[gh_c006665bd2ed]]></FromUserName><CreateTime>1471754087</CreateTime><MsgType><![CDATA[text]]></MsgType><Content><![CDATA[乖，我爱你，会一直陪着你，等你回首，我还在这里]]></Content></xml>'
{'ToUserName': 'gh_c006665bd2ed', 'Content': '奥运会', 'MsgType': 'text', 'CreateTime': '1471754126', 'FromUserName': 'okQuswOiMAjWMrGU7eCd1D17rS-c'}
"{'msg': 'OK.', 'result': 100, 'id': '19796900', 'response': '伦敦'}"
'伦敦'
'<xml><ToUserName><![CDATA[okQuswOiMAjWMrGU7eCd1D17rS-c]]></ToUserName><FromUserName><![CDATA[gh_c006665bd2ed]]></FromUserName><CreateTime>1471754129</CreateTime><MsgType><![CDATA[text]]></MsgType><Content><![CDATA[伦敦]]></Content></xml>'
{'ToUserName': 'gh_c006665bd2ed', 'Content': '奥运会', 'MsgType': 'text', 'CreateTime': '1471754126', 'FromUserName': 'okQuswOiMAjWMrGU7eCd1D17rS-c'}
"{'msg': 'OK.', 'result': 100, 'id': '19873496', 'response': '中国第一～'}"
'中国第一～'
'<xml><ToUserName><![CDATA[okQuswOiMAjWMrGU7eCd1D17rS-c]]></ToUserName><FromUserName><![CDATA[gh_c006665bd2ed]]></FromUserName><CreateTime>1471754136</CreateTime><MsgType><![CDATA[text]]></MsgType><Content><![CDATA[中国第一～]]></Content></xml>'
{'ToUserName': 'gh_c006665bd2ed', 'Content': '奥运会', 'MsgType': 'text', 'CreateTime': '1471754126', 'FromUserName': 'okQuswOiMAjWMrGU7eCd1D17rS-c'}
"{'msg': 'OK.', 'result': 100, 'id': '19793910', 'response': '不睡觉！'}"
'不睡觉！'
'<xml><ToUserName><![CDATA[okQuswOiMAjWMrGU7eCd1D17rS-c]]></ToUserName><FromUserName><![CDATA[gh_c006665bd2ed]]></FromUserName><CreateTime>1471754138</CreateTime><MsgType><![CDATA[text]]></MsgType><Content><![CDATA[不睡觉！]]></Content></xml>'
"{'msg': 'OK.', 'result': 100, 'id': '19780054', 'response': '更高更快更强'}"
'更高更快更强'
'<xml><ToUserName><![CDATA[okQuswOiMAjWMrGU7eCd1D17rS-c]]></ToUserName><FromUserName><![CDATA[gh_c006665bd2ed]]></FromUserName><CreateTime>1471754207</CreateTime><MsgType><![CDATA[text]]></MsgType><Content><![CDATA[更高更快更强]]></Content></xml>'
{'ToUserName': 'gh_c006665bd2ed', 'Content': '你好了吗', 'MsgType': 'text', 'CreateTime': '1471774124', 'FromUserName': 'okQuswOiMAjWMrGU7eCd1D17rS-c'}
{'ToUserName': 'gh_c006665bd2ed', 'Content': '你好了吗', 'MsgType': 'text', 'CreateTime': '1471774124', 'FromUserName': 'okQuswOiMAjWMrGU7eCd1D17rS-c'}
"{'msg': 'OK.', 'result': 100, 'id': 80176414, 'response': '什么奖励呢？'}"
'什么奖励呢？'
'<xml><ToUserName><![CDATA[okQuswOiMAjWMrGU7eCd1D17rS-c]]></ToUserName><FromUserName><![CDATA[gh_c006665bd2ed]]></FromUserName><CreateTime>1471774131</CreateTime><MsgType><![CDATA[text]]></MsgType><Content><![CDATA[什么奖励呢？]]></Content></xml>'
{'ToUserName': 'gh_c006665bd2ed', 'Content': '你好了吗', 'MsgType': 'text', 'CreateTime': '1471774124', 'FromUserName': 'okQuswOiMAjWMrGU7eCd1D17rS-c'}
"{'msg': 'OK.', 'result': 100, 'id': '39528579', 'response': '妈妈，爸爸不在家，我不会。'}"
'妈妈，爸爸不在家，我不会。'
'<xml><ToUserName><![CDATA[okQuswOiMAjWMrGU7eCd1D17rS-c]]></ToUserName><FromUserName><![CDATA[gh_c006665bd2ed]]></FromUserName><CreateTime>1471774137</CreateTime><MsgType><![CDATA[text]]></MsgType><Content><![CDATA[妈妈，爸爸不在家，我不会。]]></Content></xml>'
"{'msg': 'OK.', 'result': 100, 'id': '27270486', 'response': '没有，你要请我吗？'}"
'没有，你要请我吗？'
'<xml><ToUserName><![CDATA[okQuswOiMAjWMrGU7eCd1D17rS-c]]></ToUserName><FromUserName><![CDATA[gh_c006665bd2ed]]></FromUserName><CreateTime>1471774205</CreateTime><MsgType><![CDATA[text]]></MsgType><Content><![CDATA[没有，你要请我吗？]]></Content></xml>'
{'ToUserName': 'gh_c006665bd2ed', 'Content': '晚安', 'MsgType': 'text', 'CreateTime': '1471790658', 'FromUserName': 'okQuswOiMAjWMrGU7eCd1D17rS-c'}
{'ToUserName': 'gh_c006665bd2ed', 'Content': '晚安', 'MsgType': 'text', 'CreateTime': '1471790658', 'FromUserName': 'okQuswOiMAjWMrGU7eCd1D17rS-c'}
"{'msg': 'OK.', 'result': 100, 'id': '33473114', 'response': '你都系，亲爱的'}"
'你都系，亲爱的'
'<xml><ToUserName><![CDATA[okQuswOiMAjWMrGU7eCd1D17rS-c]]></ToUserName><FromUserName><![CDATA[gh_c006665bd2ed]]></FromUserName><CreateTime>1471790663</CreateTime><MsgType><![CDATA[text]]></MsgType><Content><![CDATA[你都系，亲爱的]]></Content></xml>'
{'ToUserName': 'gh_c006665bd2ed', 'Content': '晚安', 'MsgType': 'text', 'CreateTime': '1471790658', 'FromUserName': 'okQuswOiMAjWMrGU7eCd1D17rS-c'}
"{'msg': 'OK.', 'result': 100, 'id': '50267977', 'response': '你也晚安    亲爱的美女'}"
'你也晚安    亲爱的美女'
'<xml><ToUserName><![CDATA[okQuswOiMAjWMrGU7eCd1D17rS-c]]></ToUserName><FromUserName><![CDATA[gh_c006665bd2ed]]></FromUserName><CreateTime>1471790671</CreateTime><MsgType><![CDATA[text]]></MsgType><Content><![CDATA[你也晚安    亲爱的美女]]></Content></xml>'
